This is pdfTeX, Version 3.14159265-2.6-1.40.17 (TeX Live 2016) (preloaded format=pdflatex 2016.5.22)  9 OCT 2017 17:14
entering extended mode
 restricted \write18 enabled.
 %&-line parsing enabled.
**supp.tex
(./supp.tex
LaTeX2e <2016/03/31>
Babel <3.9r> and hyphenation patterns for 83 language(s) loaded.
(/usr/local/texlive/2016/texmf-dist/tex/latex/base/article.cls
Document Class: article 2014/09/29 v1.4h Standard LaTeX document class
(/usr/local/texlive/2016/texmf-dist/tex/latex/base/size10.clo
File: size10.clo 2014/09/29 v1.4h Standard LaTeX file (size option)
)
\c@part=\count79
\c@section=\count80
\c@subsection=\count81
\c@subsubsection=\count82
\c@paragraph=\count83
\c@subparagraph=\count84
\c@figure=\count85
\c@table=\count86
\abovecaptionskip=\skip41
\belowcaptionskip=\skip42
\bibindent=\dimen102
)
(/usr/local/texlive/2016/texmf-dist/tex/latex/preprint/authblk.sty
Package: authblk 2001/02/27 1.3 (PWD)
\affilsep=\skip43
\@affilsep=\skip44
\c@Maxaffil=\count87
\c@authors=\count88
\c@affil=\count89
)
(/usr/local/texlive/2016/texmf-dist/tex/latex/graphics/graphicx.sty
Package: graphicx 2014/10/28 v1.0g Enhanced LaTeX Graphics (DPC,SPQR)

(/usr/local/texlive/2016/texmf-dist/tex/latex/graphics/keyval.sty
Package: keyval 2014/10/28 v1.15 key=value parser (DPC)
\KV@toks@=\toks14
)
(/usr/local/texlive/2016/texmf-dist/tex/latex/graphics/graphics.sty
Package: graphics 2016/05/09 v1.0r Standard LaTeX Graphics (DPC,SPQR)

(/usr/local/texlive/2016/texmf-dist/tex/latex/graphics/trig.sty
Package: trig 2016/01/03 v1.10 sin cos tan (DPC)
)
(/usr/local/texlive/2016/texmf-dist/tex/latex/graphics-cfg/graphics.cfg
File: graphics.cfg 2016/01/02 v1.10 sample graphics configuration
)
Package graphics Info: Driver file: pdftex.def on input line 96.

(/usr/local/texlive/2016/texmf-dist/tex/latex/pdftex-def/pdftex.def
File: pdftex.def 2011/05/27 v0.06d Graphics/color for pdfTeX

(/usr/local/texlive/2016/texmf-dist/tex/generic/oberdiek/infwarerr.sty
Package: infwarerr 2016/05/16 v1.4 Providing info/warning/error messages (HO)
)
(/usr/local/texlive/2016/texmf-dist/tex/generic/oberdiek/ltxcmds.sty
Package: ltxcmds 2016/05/16 v1.23 LaTeX kernel commands for general use (HO)
)
\Gread@gobject=\count90
))
\Gin@req@height=\dimen103
\Gin@req@width=\dimen104
)
(/usr/local/texlive/2016/texmf-dist/tex/latex/subfig/subfig.sty
Package: subfig 2005/06/28 ver: 1.3 subfig package

(/usr/local/texlive/2016/texmf-dist/tex/latex/caption/caption.sty
Package: caption 2016/02/21 v3.3-144 Customizing captions (AR)

(/usr/local/texlive/2016/texmf-dist/tex/latex/caption/caption3.sty
Package: caption3 2016/02/04 v1.7-139 caption3 kernel (AR)
Package caption3 Info: TeX engine: e-TeX on input line 67.
\captionmargin=\dimen105
\captionmargin@=\dimen106
\captionwidth=\dimen107
\caption@tempdima=\dimen108
\caption@indent=\dimen109
\caption@parindent=\dimen110
\caption@hangindent=\dimen111
)
\c@ContinuedFloat=\count91
)
\c@KVtest=\count92
\sf@farskip=\skip45
\sf@captopadj=\dimen112
\sf@capskip=\skip46
\sf@nearskip=\skip47
\c@subfigure=\count93
\c@subfigure@save=\count94
\c@lofdepth=\count95
\c@subtable=\count96
\c@subtable@save=\count97
\c@lotdepth=\count98
\sf@top=\skip48
\sf@bottom=\skip49
)
(./supp.aux)
\openout1 = `supp.aux'.

LaTeX Font Info:    Checking defaults for OML/cmm/m/it on input line 21.
LaTeX Font Info:    ... okay on input line 21.
LaTeX Font Info:    Checking defaults for T1/cmr/m/n on input line 21.
LaTeX Font Info:    ... okay on input line 21.
LaTeX Font Info:    Checking defaults for OT1/cmr/m/n on input line 21.
LaTeX Font Info:    ... okay on input line 21.
LaTeX Font Info:    Checking defaults for OMS/cmsy/m/n on input line 21.
LaTeX Font Info:    ... okay on input line 21.
LaTeX Font Info:    Checking defaults for OMX/cmex/m/n on input line 21.
LaTeX Font Info:    ... okay on input line 21.
LaTeX Font Info:    Checking defaults for U/cmr/m/n on input line 21.
LaTeX Font Info:    ... okay on input line 21.

(/usr/local/texlive/2016/texmf-dist/tex/context/base/mkii/supp-pdf.mkii
[Loading MPS to PDF converter (version 2006.09.02).]
\scratchcounter=\count99
\scratchdimen=\dimen113
\scratchbox=\box26
\nofMPsegments=\count100
\nofMParguments=\count101
\everyMPshowfont=\toks15
\MPscratchCnt=\count102
\MPscratchDim=\dimen114
\MPnumerator=\count103
\makeMPintoPDFobject=\count104
\everyMPtoPDFconversion=\toks16
) (/usr/local/texlive/2016/texmf-dist/tex/generic/oberdiek/pdftexcmds.sty
Package: pdftexcmds 2016/05/10 v0.21 Utility functions of pdfTeX for LuaTeX (HO
)

(/usr/local/texlive/2016/texmf-dist/tex/generic/oberdiek/ifluatex.sty
Package: ifluatex 2016/05/16 v1.4 Provides the ifluatex switch (HO)
Package ifluatex Info: LuaTeX not detected.
)
(/usr/local/texlive/2016/texmf-dist/tex/generic/oberdiek/ifpdf.sty
Package: ifpdf 2016/05/14 v3.1 Provides the ifpdf switch
)
Package pdftexcmds Info: LuaTeX not detected.
Package pdftexcmds Info: \pdf@primitive is available.
Package pdftexcmds Info: \pdf@ifprimitive is available.
Package pdftexcmds Info: \pdfdraftmode found.
)
(/usr/local/texlive/2016/texmf-dist/tex/latex/oberdiek/epstopdf-base.sty
Package: epstopdf-base 2016/05/15 v2.6 Base part for package epstopdf

(/usr/local/texlive/2016/texmf-dist/tex/latex/oberdiek/grfext.sty
Package: grfext 2016/05/16 v1.2 Manage graphics extensions (HO)

(/usr/local/texlive/2016/texmf-dist/tex/generic/oberdiek/kvdefinekeys.sty
Package: kvdefinekeys 2016/05/16 v1.4 Define keys (HO)
))
(/usr/local/texlive/2016/texmf-dist/tex/latex/oberdiek/kvoptions.sty
Package: kvoptions 2016/05/16 v3.12 Key value format for package options (HO)

(/usr/local/texlive/2016/texmf-dist/tex/generic/oberdiek/kvsetkeys.sty
Package: kvsetkeys 2016/05/16 v1.17 Key value parser (HO)

(/usr/local/texlive/2016/texmf-dist/tex/generic/oberdiek/etexcmds.sty
Package: etexcmds 2016/05/16 v1.6 Avoid name clashes with e-TeX commands (HO)
Package etexcmds Info: Could not find \expanded.
(etexcmds)             That can mean that you are not using pdfTeX 1.50 or
(etexcmds)             that some package has redefined \expanded.
(etexcmds)             In the latter case, load this package earlier.
)))
Package grfext Info: Graphics extension search list:
(grfext)             [.png,.pdf,.jpg,.mps,.jpeg,.jbig2,.jb2,.PNG,.PDF,.JPG,.JPE
G,.JBIG2,.JB2,.eps]
(grfext)             \AppendGraphicsExtensions on input line 456.

(/usr/local/texlive/2016/texmf-dist/tex/latex/latexconfig/epstopdf-sys.cfg
File: epstopdf-sys.cfg 2010/07/13 v1.3 Configuration of (r)epstopdf for TeX Liv
e
))
Package caption Info: Begin \AtBeginDocument code.
Package caption Info: subfig package v1.3 is loaded.
Package caption Info: End \AtBeginDocument code.
LaTeX Font Info:    External font `cmex10' loaded for size
(Font)              <12> on input line 23.
LaTeX Font Info:    External font `cmex10' loaded for size
(Font)              <8> on input line 23.
LaTeX Font Info:    External font `cmex10' loaded for size
(Font)              <6> on input line 23.
LaTeX Font Info:    Try loading font information for OMS+cmr on input line 23.

(/usr/local/texlive/2016/texmf-dist/tex/latex/base/omscmr.fd
File: omscmr.fd 2014/09/29 v2.5h Standard LaTeX font definitions
)
LaTeX Font Info:    Font shape `OMS/cmr/m/it' in size <12> not available
(Font)              Font shape `OMS/cmsy/m/n' tried instead on input line 23.

Overfull \hbox (73.68439pt too wide) in paragraph at lines 23--23
 []$[]$\OMS/cmsy/m/n/12 f\OT1/cmr/m/it/12 bliu2,nadinehu,avanti,tshimko,bhate,l
ongwell,smontgom,akundaje\OMS/cmsy/m/n/12 g\OT1/cmr/m/it/12 @stanford.edu 
 []

(./supp.toc)
\tf@toc=\write3
\openout3 = `supp.toc'.

 (./supp.lof
LaTeX Font Info:    External font `cmex10' loaded for size
(Font)              <7> on input line 1.
LaTeX Font Info:    External font `cmex10' loaded for size
(Font)              <5> on input line 1.
)
\tf@lof=\write4
\openout4 = `supp.lof'.

 [1

{/usr/local/texlive/2016/texmf-var/fonts/map/pdftex/updmap/pdftex.map}] <fig/Da
taset.png, id=16, 770.88pt x 1108.14pt>
File: fig/Dataset.png Graphic file (type png)

<use fig/Dataset.png>
Package pdftex.def Info: fig/Dataset.png used on input line 35.
(pdftex.def)             Requested size: 345.0pt x 495.93607pt.
Package epstopdf Info: Source file: <fig/model.eps>
(epstopdf)                    date: 2017-10-09 14:37:36
(epstopdf)                    size: 34239 bytes
(epstopdf)             Output file: <fig/model-eps-converted-to.pdf>
(epstopdf)                    date: 2017-10-09 14:37:46
(epstopdf)                    size: 12119 bytes
(epstopdf)             Command: <repstopdf --outfile=fig/model-eps-converted-to
.pdf fig/model.eps>
(epstopdf)             \includegraphics on input line 48.
Package epstopdf Info: Output file is already uptodate.

<fig/model-eps-converted-to.pdf, id=17, 807.015pt x 1710.39pt>
File: fig/model-eps-converted-to.pdf Graphic file (type pdf)

<use fig/model-eps-converted-to.pdf>
Package pdftex.def Info: fig/model-eps-converted-to.pdf used on input line 48.
(pdftex.def)             Requested size: 276.00105pt x 584.94382pt.


LaTeX Warning: Float too large for page by 56.94382pt on input line 51.

[2] [3 <./fig/Dataset.png (PNG copy)>] [4 <./fig/model-eps-converted-to.pdf>]
<fig/tomtom/dot6p_2.png, id=34, 625.1355pt x 426.393pt>
File: fig/tomtom/dot6p_2.png Graphic file (type png)

<use fig/tomtom/dot6p_2.png>
Package pdftex.def Info: fig/tomtom/dot6p_2.png used on input line 101.
(pdftex.def)             Requested size: 68.99895pt x 47.05951pt.

<fig/tomtom/dot6p_3.png, id=36, 596.9502pt x 426.393pt>
File: fig/tomtom/dot6p_3.png Graphic file (type png)

<use fig/tomtom/dot6p_3.png>
Package pdftex.def Info: fig/tomtom/dot6p_3.png used on input line 102.
(pdftex.def)             Requested size: 68.99895pt x 49.28465pt.

<fig/tomtom/dot6p.png, id=37, 596.9502pt x 426.393pt>
File: fig/tomtom/dot6p.png Graphic file (type png)

<use fig/tomtom/dot6p.png>
Package pdftex.def Info: fig/tomtom/dot6p.png used on input line 103.
(pdftex.def)             Requested size: 68.99895pt x 49.28465pt.

<fig/tomtom/nrg1p.png, id=38, 596.9502pt x 426.393pt>
File: fig/tomtom/nrg1p.png Graphic file (type png)

<use fig/tomtom/nrg1p.png>
Package pdftex.def Info: fig/tomtom/nrg1p.png used on input line 104.
(pdftex.def)             Requested size: 68.99895pt x 49.28465pt.

<fig/tomtom/rpn4p.png, id=39, 596.9502pt x 426.393pt>
File: fig/tomtom/rpn4p.png Graphic file (type png)

<use fig/tomtom/rpn4p.png>
Package pdftex.def Info: fig/tomtom/rpn4p.png used on input line 107.
(pdftex.def)             Requested size: 68.99895pt x 49.28465pt.

<fig/tomtom/sfp1p_2.png, id=40, 710.4141pt x 426.393pt>
File: fig/tomtom/sfp1p_2.png Graphic file (type png)

<use fig/tomtom/sfp1p_2.png>
Package pdftex.def Info: fig/tomtom/sfp1p_2.png used on input line 108.
(pdftex.def)             Requested size: 68.99895pt x 41.41211pt.

<fig/tomtom/sfp1p.png, id=41, 682.2288pt x 426.393pt>
File: fig/tomtom/sfp1p.png Graphic file (type png)

<use fig/tomtom/sfp1p.png>
Package pdftex.def Info: fig/tomtom/sfp1p.png used on input line 109.
(pdftex.def)             Requested size: 68.99895pt x 43.12325pt.

<fig/tomtom/stb3p.png, id=42, 653.3208pt x 426.393pt>
File: fig/tomtom/stb3p.png Graphic file (type png)

<use fig/tomtom/stb3p.png>
Package pdftex.def Info: fig/tomtom/stb3p.png used on input line 110.
(pdftex.def)             Requested size: 68.99895pt x 45.02957pt.


LaTeX Warning: Reference `msn24_ko_target_genes_2msn24_ko_target_genes_2' on pa
ge 5 undefined on input line 121.

[5 <./fig/tomtom/dot6p_2.png> <./fig/tomtom/dot6p_3.png> <./fig/tomtom/dot6p.pn
g> <./fig/tomtom/nrg1p.png> <./fig/tomtom/rpn4p.png> <./fig/tomtom/sfp1p_2.png>
 <./fig/tomtom/sfp1p.png> <./fig/tomtom/stb3p.png>]
<fig/msn24_ko_target_genes_2.png, id=54, 469.755pt x 250.0542pt>
File: fig/msn24_ko_target_genes_2.png Graphic file (type png)

<use fig/msn24_ko_target_genes_2.png>
Package pdftex.def Info: fig/msn24_ko_target_genes_2.png used on input line 126
.
(pdftex.def)             Requested size: 345.0pt x 183.64453pt.

<fig/msn24_ko_target_genes.png, id=55, 469.755pt x 250.0542pt>
File: fig/msn24_ko_target_genes.png Graphic file (type png)

<use fig/msn24_ko_target_genes.png>
Package pdftex.def Info: fig/msn24_ko_target_genes.png used on input line 131.
(pdftex.def)             Requested size: 345.0pt x 183.64453pt.

<fig/msn24_ko_37C_diff_expr_rank.pdf, id=56, 505.89pt x 505.89pt>
File: fig/msn24_ko_37C_diff_expr_rank.pdf Graphic file (type pdf)

<use fig/msn24_ko_37C_diff_expr_rank.pdf>
Package pdftex.def Info: fig/msn24_ko_37C_diff_expr_rank.pdf used on input line
 140.
(pdftex.def)             Requested size: 345.0pt x 345.00414pt.
 (./supp.bbl [6] [7 <./fig/msn24_ko_target_genes_2.png> <./fig/msn24_ko_target_
genes.png>] [8 <./fig/msn24_ko_37C_diff_expr_rank.pdf>]) [9] (./supp.aux)

LaTeX Warning: There were undefined references.

 ) 
Here is how much of TeX's memory you used:
 2911 strings out of 493014
 46570 string characters out of 6133351
 110308 words of memory out of 5000000
 6418 multiletter control sequences out of 15000+600000
 8999 words of font info for 31 fonts, out of 8000000 for 9000
 1141 hyphenation exceptions out of 8191
 44i,8n,42p,2185b,316s stack positions out of 5000i,500n,10000p,200000b,80000s
</usr/local/texlive/2016/texmf-dist/fonts/type1/public/amsfonts/cm/cmbx10.pfb
></usr/local/texlive/2016/texmf-dist/fonts/type1/public/amsfonts/cm/cmbx12.pfb>
</usr/local/texlive/2016/texmf-dist/fonts/type1/public/amsfonts/cm/cmbxti10.pfb
></usr/local/texlive/2016/texmf-dist/fonts/type1/public/amsfonts/cm/cmmi10.pfb>
</usr/local/texlive/2016/texmf-dist/fonts/type1/public/amsfonts/cm/cmr10.pfb></
usr/local/texlive/2016/texmf-dist/fonts/type1/public/amsfonts/cm/cmr12.pfb></us
r/local/texlive/2016/texmf-dist/fonts/type1/public/amsfonts/cm/cmr17.pfb></usr/
local/texlive/2016/texmf-dist/fonts/type1/public/amsfonts/cm/cmr7.pfb></usr/loc
al/texlive/2016/texmf-dist/fonts/type1/public/amsfonts/cm/cmr8.pfb></usr/local/
texlive/2016/texmf-dist/fonts/type1/public/amsfonts/cm/cmsy10.pfb></usr/local/t
exlive/2016/texmf-dist/fonts/type1/public/amsfonts/cm/cmti10.pfb></usr/local/te
xlive/2016/texmf-dist/fonts/type1/public/amsfonts/cm/cmti12.pfb>
Output written on supp.pdf (9 pages, 659077 bytes).
PDF statistics:
 116 PDF objects out of 1000 (max. 8388607)
 67 compressed objects within 1 object stream
 0 named destinations out of 1000 (max. 500000)
 66 words of extra memory for PDF output out of 10000 (max. 10000000)

