This is pdfTeX, Version 3.14159265-2.6-1.40.17 (TeX Live 2016) (preloaded format=pdflatex 2016.5.22)  27 JUL 2017 18:36
entering extended mode
 restricted \write18 enabled.
 %&-line parsing enabled.
**log.tex
(./log.tex
LaTeX2e <2016/03/31>
Babel <3.9r> and hyphenation patterns for 83 language(s) loaded.
(/usr/local/texlive/2016/texmf-dist/tex/latex/base/article.cls
Document Class: article 2014/09/29 v1.4h Standard LaTeX document class
(/usr/local/texlive/2016/texmf-dist/tex/latex/base/size10.clo
File: size10.clo 2014/09/29 v1.4h Standard LaTeX file (size option)
)
\c@part=\count79
\c@section=\count80
\c@subsection=\count81
\c@subsubsection=\count82
\c@paragraph=\count83
\c@subparagraph=\count84
\c@figure=\count85
\c@table=\count86
\abovecaptionskip=\skip41
\belowcaptionskip=\skip42
\bibindent=\dimen102
)
(/usr/local/texlive/2016/texmf-dist/tex/latex/blindtext/blindtext.sty
Package: blindtext 2012/01/06 V2.0 blindtext-Package

(/usr/local/texlive/2016/texmf-dist/tex/latex/tools/xspace.sty
Package: xspace 2014/10/28 v1.13 Space after command names (DPC,MH)
)
\c@blindtext=\count87
\c@Blindtext=\count88
\c@blind@countparstart=\count89
\blind@countxx=\count90
\blindtext@numBlindtext=\count91
\blind@countyy=\count92
\c@blindlist=\count93
\c@blindlistlevel=\count94
\c@blindlist@level=\count95
\blind@listitem=\count96
\c@blind@listcount=\count97
\c@blind@levelcount=\count98
\blind@mathformula=\count99
\blind@Mathformula=\count100
\c@blind@randomcount=\count101
\c@blind@randommax=\count102
\c@blind@pangramcount=\count103
\c@blind@pangrammax=\count104
)
(/usr/local/texlive/2016/texmf-dist/tex/latex/base/inputenc.sty
Package: inputenc 2015/03/17 v1.2c Input encoding file
\inpenc@prehook=\toks14
\inpenc@posthook=\toks15

(/usr/local/texlive/2016/texmf-dist/tex/latex/base/utf8.def
File: utf8.def 2016/02/28 v1.1s UTF-8 support for inputenc
Now handling font encoding OML ...
... no UTF-8 mapping file for font encoding OML
Now handling font encoding T1 ...
... processing UTF-8 mapping file for font encoding T1

(/usr/local/texlive/2016/texmf-dist/tex/latex/base/t1enc.dfu
File: t1enc.dfu 2016/02/28 v1.1s UTF-8 support for inputenc
   defining Unicode char U+00A0 (decimal 160)
   defining Unicode char U+00A1 (decimal 161)
   defining Unicode char U+00A3 (decimal 163)
   defining Unicode char U+00AB (decimal 171)
   defining Unicode char U+00AD (decimal 173)
   defining Unicode char U+00BB (decimal 187)
   defining Unicode char U+00BF (decimal 191)
   defining Unicode char U+00C0 (decimal 192)
   defining Unicode char U+00C1 (decimal 193)
   defining Unicode char U+00C2 (decimal 194)
   defining Unicode char U+00C3 (decimal 195)
   defining Unicode char U+00C4 (decimal 196)
   defining Unicode char U+00C5 (decimal 197)
   defining Unicode char U+00C6 (decimal 198)
   defining Unicode char U+00C7 (decimal 199)
   defining Unicode char U+00C8 (decimal 200)
   defining Unicode char U+00C9 (decimal 201)
   defining Unicode char U+00CA (decimal 202)
   defining Unicode char U+00CB (decimal 203)
   defining Unicode char U+00CC (decimal 204)
   defining Unicode char U+00CD (decimal 205)
   defining Unicode char U+00CE (decimal 206)
   defining Unicode char U+00CF (decimal 207)
   defining Unicode char U+00D0 (decimal 208)
   defining Unicode char U+00D1 (decimal 209)
   defining Unicode char U+00D2 (decimal 210)
   defining Unicode char U+00D3 (decimal 211)
   defining Unicode char U+00D4 (decimal 212)
   defining Unicode char U+00D5 (decimal 213)
   defining Unicode char U+00D6 (decimal 214)
   defining Unicode char U+00D8 (decimal 216)
   defining Unicode char U+00D9 (decimal 217)
   defining Unicode char U+00DA (decimal 218)
   defining Unicode char U+00DB (decimal 219)
   defining Unicode char U+00DC (decimal 220)
   defining Unicode char U+00DD (decimal 221)
   defining Unicode char U+00DE (decimal 222)
   defining Unicode char U+00DF (decimal 223)
   defining Unicode char U+00E0 (decimal 224)
   defining Unicode char U+00E1 (decimal 225)
   defining Unicode char U+00E2 (decimal 226)
   defining Unicode char U+00E3 (decimal 227)
   defining Unicode char U+00E4 (decimal 228)
   defining Unicode char U+00E5 (decimal 229)
   defining Unicode char U+00E6 (decimal 230)
   defining Unicode char U+00E7 (decimal 231)
   defining Unicode char U+00E8 (decimal 232)
   defining Unicode char U+00E9 (decimal 233)
   defining Unicode char U+00EA (decimal 234)
   defining Unicode char U+00EB (decimal 235)
   defining Unicode char U+00EC (decimal 236)
   defining Unicode char U+00ED (decimal 237)
   defining Unicode char U+00EE (decimal 238)
   defining Unicode char U+00EF (decimal 239)
   defining Unicode char U+00F0 (decimal 240)
   defining Unicode char U+00F1 (decimal 241)
   defining Unicode char U+00F2 (decimal 242)
   defining Unicode char U+00F3 (decimal 243)
   defining Unicode char U+00F4 (decimal 244)
   defining Unicode char U+00F5 (decimal 245)
   defining Unicode char U+00F6 (decimal 246)
   defining Unicode char U+00F8 (decimal 248)
   defining Unicode char U+00F9 (decimal 249)
   defining Unicode char U+00FA (decimal 250)
   defining Unicode char U+00FB (decimal 251)
   defining Unicode char U+00FC (decimal 252)
   defining Unicode char U+00FD (decimal 253)
   defining Unicode char U+00FE (decimal 254)
   defining Unicode char U+00FF (decimal 255)
   defining Unicode char U+0100 (decimal 256)
   defining Unicode char U+0101 (decimal 257)
   defining Unicode char U+0102 (decimal 258)
   defining Unicode char U+0103 (decimal 259)
   defining Unicode char U+0104 (decimal 260)
   defining Unicode char U+0105 (decimal 261)
   defining Unicode char U+0106 (decimal 262)
   defining Unicode char U+0107 (decimal 263)
   defining Unicode char U+0108 (decimal 264)
   defining Unicode char U+0109 (decimal 265)
   defining Unicode char U+010A (decimal 266)
   defining Unicode char U+010B (decimal 267)
   defining Unicode char U+010C (decimal 268)
   defining Unicode char U+010D (decimal 269)
   defining Unicode char U+010E (decimal 270)
   defining Unicode char U+010F (decimal 271)
   defining Unicode char U+0110 (decimal 272)
   defining Unicode char U+0111 (decimal 273)
   defining Unicode char U+0112 (decimal 274)
   defining Unicode char U+0113 (decimal 275)
   defining Unicode char U+0114 (decimal 276)
   defining Unicode char U+0115 (decimal 277)
   defining Unicode char U+0116 (decimal 278)
   defining Unicode char U+0117 (decimal 279)
   defining Unicode char U+0118 (decimal 280)
   defining Unicode char U+0119 (decimal 281)
   defining Unicode char U+011A (decimal 282)
   defining Unicode char U+011B (decimal 283)
   defining Unicode char U+011C (decimal 284)
   defining Unicode char U+011D (decimal 285)
   defining Unicode char U+011E (decimal 286)
   defining Unicode char U+011F (decimal 287)
   defining Unicode char U+0120 (decimal 288)
   defining Unicode char U+0121 (decimal 289)
   defining Unicode char U+0122 (decimal 290)
   defining Unicode char U+0123 (decimal 291)
   defining Unicode char U+0124 (decimal 292)
   defining Unicode char U+0125 (decimal 293)
   defining Unicode char U+0128 (decimal 296)
   defining Unicode char U+0129 (decimal 297)
   defining Unicode char U+012A (decimal 298)
   defining Unicode char U+012B (decimal 299)
   defining Unicode char U+012C (decimal 300)
   defining Unicode char U+012D (decimal 301)
   defining Unicode char U+012E (decimal 302)
   defining Unicode char U+012F (decimal 303)
   defining Unicode char U+0130 (decimal 304)
   defining Unicode char U+0131 (decimal 305)
   defining Unicode char U+0132 (decimal 306)
   defining Unicode char U+0133 (decimal 307)
   defining Unicode char U+0134 (decimal 308)
   defining Unicode char U+0135 (decimal 309)
   defining Unicode char U+0136 (decimal 310)
   defining Unicode char U+0137 (decimal 311)
   defining Unicode char U+0139 (decimal 313)
   defining Unicode char U+013A (decimal 314)
   defining Unicode char U+013B (decimal 315)
   defining Unicode char U+013C (decimal 316)
   defining Unicode char U+013D (decimal 317)
   defining Unicode char U+013E (decimal 318)
   defining Unicode char U+0141 (decimal 321)
   defining Unicode char U+0142 (decimal 322)
   defining Unicode char U+0143 (decimal 323)
   defining Unicode char U+0144 (decimal 324)
   defining Unicode char U+0145 (decimal 325)
   defining Unicode char U+0146 (decimal 326)
   defining Unicode char U+0147 (decimal 327)
   defining Unicode char U+0148 (decimal 328)
   defining Unicode char U+014A (decimal 330)
   defining Unicode char U+014B (decimal 331)
   defining Unicode char U+014C (decimal 332)
   defining Unicode char U+014D (decimal 333)
   defining Unicode char U+014E (decimal 334)
   defining Unicode char U+014F (decimal 335)
   defining Unicode char U+0150 (decimal 336)
   defining Unicode char U+0151 (decimal 337)
   defining Unicode char U+0152 (decimal 338)
   defining Unicode char U+0153 (decimal 339)
   defining Unicode char U+0154 (decimal 340)
   defining Unicode char U+0155 (decimal 341)
   defining Unicode char U+0156 (decimal 342)
   defining Unicode char U+0157 (decimal 343)
   defining Unicode char U+0158 (decimal 344)
   defining Unicode char U+0159 (decimal 345)
   defining Unicode char U+015A (decimal 346)
   defining Unicode char U+015B (decimal 347)
   defining Unicode char U+015C (decimal 348)
   defining Unicode char U+015D (decimal 349)
   defining Unicode char U+015E (decimal 350)
   defining Unicode char U+015F (decimal 351)
   defining Unicode char U+0160 (decimal 352)
   defining Unicode char U+0161 (decimal 353)
   defining Unicode char U+0162 (decimal 354)
   defining Unicode char U+0163 (decimal 355)
   defining Unicode char U+0164 (decimal 356)
   defining Unicode char U+0165 (decimal 357)
   defining Unicode char U+0168 (decimal 360)
   defining Unicode char U+0169 (decimal 361)
   defining Unicode char U+016A (decimal 362)
   defining Unicode char U+016B (decimal 363)
   defining Unicode char U+016C (decimal 364)
   defining Unicode char U+016D (decimal 365)
   defining Unicode char U+016E (decimal 366)
   defining Unicode char U+016F (decimal 367)
   defining Unicode char U+0170 (decimal 368)
   defining Unicode char U+0171 (decimal 369)
   defining Unicode char U+0172 (decimal 370)
   defining Unicode char U+0173 (decimal 371)
   defining Unicode char U+0174 (decimal 372)
   defining Unicode char U+0175 (decimal 373)
   defining Unicode char U+0176 (decimal 374)
   defining Unicode char U+0177 (decimal 375)
   defining Unicode char U+0178 (decimal 376)
   defining Unicode char U+0179 (decimal 377)
   defining Unicode char U+017A (decimal 378)
   defining Unicode char U+017B (decimal 379)
   defining Unicode char U+017C (decimal 380)
   defining Unicode char U+017D (decimal 381)
   defining Unicode char U+017E (decimal 382)
   defining Unicode char U+01CD (decimal 461)
   defining Unicode char U+01CE (decimal 462)
   defining Unicode char U+01CF (decimal 463)
   defining Unicode char U+01D0 (decimal 464)
   defining Unicode char U+01D1 (decimal 465)
   defining Unicode char U+01D2 (decimal 466)
   defining Unicode char U+01D3 (decimal 467)
   defining Unicode char U+01D4 (decimal 468)
   defining Unicode char U+01E2 (decimal 482)
   defining Unicode char U+01E3 (decimal 483)
   defining Unicode char U+01E6 (decimal 486)
   defining Unicode char U+01E7 (decimal 487)
   defining Unicode char U+01E8 (decimal 488)
   defining Unicode char U+01E9 (decimal 489)
   defining Unicode char U+01EA (decimal 490)
   defining Unicode char U+01EB (decimal 491)
   defining Unicode char U+01F0 (decimal 496)
   defining Unicode char U+01F4 (decimal 500)
   defining Unicode char U+01F5 (decimal 501)
   defining Unicode char U+0218 (decimal 536)
   defining Unicode char U+0219 (decimal 537)
   defining Unicode char U+021A (decimal 538)
   defining Unicode char U+021B (decimal 539)
   defining Unicode char U+1E02 (decimal 7682)
   defining Unicode char U+1E03 (decimal 7683)
   defining Unicode char U+200C (decimal 8204)
   defining Unicode char U+2010 (decimal 8208)
   defining Unicode char U+2011 (decimal 8209)
   defining Unicode char U+2012 (decimal 8210)
   defining Unicode char U+2013 (decimal 8211)
   defining Unicode char U+2014 (decimal 8212)
   defining Unicode char U+2015 (decimal 8213)
   defining Unicode char U+2018 (decimal 8216)
   defining Unicode char U+2019 (decimal 8217)
   defining Unicode char U+201A (decimal 8218)
   defining Unicode char U+201C (decimal 8220)
   defining Unicode char U+201D (decimal 8221)
   defining Unicode char U+201E (decimal 8222)
   defining Unicode char U+2030 (decimal 8240)
   defining Unicode char U+2031 (decimal 8241)
   defining Unicode char U+2039 (decimal 8249)
   defining Unicode char U+203A (decimal 8250)
   defining Unicode char U+2423 (decimal 9251)
)
Now handling font encoding OT1 ...
... processing UTF-8 mapping file for font encoding OT1

(/usr/local/texlive/2016/texmf-dist/tex/latex/base/ot1enc.dfu
File: ot1enc.dfu 2016/02/28 v1.1s UTF-8 support for inputenc
   defining Unicode char U+00A0 (decimal 160)
   defining Unicode char U+00A1 (decimal 161)
   defining Unicode char U+00A3 (decimal 163)
   defining Unicode char U+00AD (decimal 173)
   defining Unicode char U+00B8 (decimal 184)
   defining Unicode char U+00BF (decimal 191)
   defining Unicode char U+00C5 (decimal 197)
   defining Unicode char U+00C6 (decimal 198)
   defining Unicode char U+00D8 (decimal 216)
   defining Unicode char U+00DF (decimal 223)
   defining Unicode char U+00E6 (decimal 230)
   defining Unicode char U+00EC (decimal 236)
   defining Unicode char U+00ED (decimal 237)
   defining Unicode char U+00EE (decimal 238)
   defining Unicode char U+00EF (decimal 239)
   defining Unicode char U+00F8 (decimal 248)
   defining Unicode char U+0131 (decimal 305)
   defining Unicode char U+0141 (decimal 321)
   defining Unicode char U+0142 (decimal 322)
   defining Unicode char U+0152 (decimal 338)
   defining Unicode char U+0153 (decimal 339)
   defining Unicode char U+0174 (decimal 372)
   defining Unicode char U+0175 (decimal 373)
   defining Unicode char U+0176 (decimal 374)
   defining Unicode char U+0177 (decimal 375)
   defining Unicode char U+0218 (decimal 536)
   defining Unicode char U+0219 (decimal 537)
   defining Unicode char U+021A (decimal 538)
   defining Unicode char U+021B (decimal 539)
   defining Unicode char U+2013 (decimal 8211)
   defining Unicode char U+2014 (decimal 8212)
   defining Unicode char U+2018 (decimal 8216)
   defining Unicode char U+2019 (decimal 8217)
   defining Unicode char U+201C (decimal 8220)
   defining Unicode char U+201D (decimal 8221)
)
Now handling font encoding OMS ...
... processing UTF-8 mapping file for font encoding OMS

(/usr/local/texlive/2016/texmf-dist/tex/latex/base/omsenc.dfu
File: omsenc.dfu 2016/02/28 v1.1s UTF-8 support for inputenc
   defining Unicode char U+00A7 (decimal 167)
   defining Unicode char U+00B6 (decimal 182)
   defining Unicode char U+00B7 (decimal 183)
   defining Unicode char U+2020 (decimal 8224)
   defining Unicode char U+2021 (decimal 8225)
   defining Unicode char U+2022 (decimal 8226)
)
Now handling font encoding OMX ...
... no UTF-8 mapping file for font encoding OMX
Now handling font encoding U ...
... no UTF-8 mapping file for font encoding U
   defining Unicode char U+00A9 (decimal 169)
   defining Unicode char U+00AA (decimal 170)
   defining Unicode char U+00AE (decimal 174)
   defining Unicode char U+00BA (decimal 186)
   defining Unicode char U+02C6 (decimal 710)
   defining Unicode char U+02DC (decimal 732)
   defining Unicode char U+200C (decimal 8204)
   defining Unicode char U+2026 (decimal 8230)
   defining Unicode char U+2122 (decimal 8482)
   defining Unicode char U+2423 (decimal 9251)
))
(/usr/local/texlive/2016/texmf-dist/tex/latex/graphics/graphicx.sty
Package: graphicx 2014/10/28 v1.0g Enhanced LaTeX Graphics (DPC,SPQR)

(/usr/local/texlive/2016/texmf-dist/tex/latex/graphics/keyval.sty
Package: keyval 2014/10/28 v1.15 key=value parser (DPC)
\KV@toks@=\toks16
)
(/usr/local/texlive/2016/texmf-dist/tex/latex/graphics/graphics.sty
Package: graphics 2016/05/09 v1.0r Standard LaTeX Graphics (DPC,SPQR)

(/usr/local/texlive/2016/texmf-dist/tex/latex/graphics/trig.sty
Package: trig 2016/01/03 v1.10 sin cos tan (DPC)
)
(/usr/local/texlive/2016/texmf-dist/tex/latex/graphics-cfg/graphics.cfg
File: graphics.cfg 2016/01/02 v1.10 sample graphics configuration
)
Package graphics Info: Driver file: pdftex.def on input line 96.

(/usr/local/texlive/2016/texmf-dist/tex/latex/pdftex-def/pdftex.def
File: pdftex.def 2011/05/27 v0.06d Graphics/color for pdfTeX

(/usr/local/texlive/2016/texmf-dist/tex/generic/oberdiek/infwarerr.sty
Package: infwarerr 2016/05/16 v1.4 Providing info/warning/error messages (HO)
)
(/usr/local/texlive/2016/texmf-dist/tex/generic/oberdiek/ltxcmds.sty
Package: ltxcmds 2016/05/16 v1.23 LaTeX kernel commands for general use (HO)
)
\Gread@gobject=\count105
))
\Gin@req@height=\dimen103
\Gin@req@width=\dimen104
)
(/usr/local/texlive/2016/texmf-dist/tex/latex/hyperref/hyperref.sty
Package: hyperref 2016/05/05 v6.83n Hypertext links for LaTeX

(/usr/local/texlive/2016/texmf-dist/tex/generic/oberdiek/hobsub-hyperref.sty
Package: hobsub-hyperref 2016/05/16 v1.14 Bundle oberdiek, subset hyperref (HO)


(/usr/local/texlive/2016/texmf-dist/tex/generic/oberdiek/hobsub-generic.sty
Package: hobsub-generic 2016/05/16 v1.14 Bundle oberdiek, subset generic (HO)
Package: hobsub 2016/05/16 v1.14 Construct package bundles (HO)
Package hobsub Info: Skipping package `infwarerr' (already loaded).
Package hobsub Info: Skipping package `ltxcmds' (already loaded).
Package: ifluatex 2016/05/16 v1.4 Provides the ifluatex switch (HO)
Package ifluatex Info: LuaTeX not detected.
Package: ifvtex 2016/05/16 v1.6 Detect VTeX and its facilities (HO)
Package ifvtex Info: VTeX not detected.
Package: intcalc 2016/05/16 v1.2 Expandable calculations with integers (HO)
Package: ifpdf 2016/05/14 v3.1 Provides the ifpdf switch
Package: etexcmds 2016/05/16 v1.6 Avoid name clashes with e-TeX commands (HO)
Package etexcmds Info: Could not find \expanded.
(etexcmds)             That can mean that you are not using pdfTeX 1.50 or
(etexcmds)             that some package has redefined \expanded.
(etexcmds)             In the latter case, load this package earlier.
Package: kvsetkeys 2016/05/16 v1.17 Key value parser (HO)
Package: kvdefinekeys 2016/05/16 v1.4 Define keys (HO)
Package: pdftexcmds 2016/05/10 v0.21 Utility functions of pdfTeX for LuaTeX (HO
)
Package pdftexcmds Info: LuaTeX not detected.
Package pdftexcmds Info: \pdf@primitive is available.
Package pdftexcmds Info: \pdf@ifprimitive is available.
Package pdftexcmds Info: \pdfdraftmode found.
Package: pdfescape 2016/05/16 v1.14 Implements pdfTeX's escape features (HO)
Package: bigintcalc 2016/05/16 v1.4 Expandable calculations on big integers (HO
)
Package: bitset 2016/05/16 v1.2 Handle bit-vector datatype (HO)
Package: uniquecounter 2016/05/16 v1.3 Provide unlimited unique counter (HO)
)
Package hobsub Info: Skipping package `hobsub' (already loaded).
Package: letltxmacro 2016/05/16 v1.5 Let assignment for LaTeX macros (HO)
Package: hopatch 2016/05/16 v1.3 Wrapper for package hooks (HO)
Package: xcolor-patch 2016/05/16 xcolor patch
Package: atveryend 2016/05/16 v1.9 Hooks at the very end of document (HO)
Package atveryend Info: \enddocument detected (standard20110627).
Package: atbegshi 2016/05/16 v1.17 At begin shipout hook (HO)
Package: refcount 2016/05/16 v3.5 Data extraction from label references (HO)
Package: hycolor 2016/05/16 v1.8 Color options for hyperref/bookmark (HO)
)
(/usr/local/texlive/2016/texmf-dist/tex/generic/ifxetex/ifxetex.sty
Package: ifxetex 2010/09/12 v0.6 Provides ifxetex conditional
)
(/usr/local/texlive/2016/texmf-dist/tex/latex/oberdiek/auxhook.sty
Package: auxhook 2016/05/16 v1.4 Hooks for auxiliary files (HO)
)
(/usr/local/texlive/2016/texmf-dist/tex/latex/oberdiek/kvoptions.sty
Package: kvoptions 2016/05/16 v3.12 Key value format for package options (HO)
)
\@linkdim=\dimen105
\Hy@linkcounter=\count106
\Hy@pagecounter=\count107

(/usr/local/texlive/2016/texmf-dist/tex/latex/hyperref/pd1enc.def
File: pd1enc.def 2016/05/05 v6.83n Hyperref: PDFDocEncoding definition (HO)
Now handling font encoding PD1 ...
... no UTF-8 mapping file for font encoding PD1
)
\Hy@SavedSpaceFactor=\count108

(/usr/local/texlive/2016/texmf-dist/tex/latex/latexconfig/hyperref.cfg
File: hyperref.cfg 2002/06/06 v1.2 hyperref configuration of TeXLive
)
Package hyperref Info: Hyper figures OFF on input line 4446.
Package hyperref Info: Link nesting OFF on input line 4451.
Package hyperref Info: Hyper index ON on input line 4454.
Package hyperref Info: Plain pages OFF on input line 4461.
Package hyperref Info: Backreferencing OFF on input line 4466.
Package hyperref Info: Implicit mode ON; LaTeX internals redefined.
Package hyperref Info: Bookmarks ON on input line 4691.
\c@Hy@tempcnt=\count109

(/usr/local/texlive/2016/texmf-dist/tex/latex/url/url.sty
\Urlmuskip=\muskip10
Package: url 2013/09/16  ver 3.4  Verb mode for urls, etc.
)
LaTeX Info: Redefining \url on input line 5044.
\XeTeXLinkMargin=\dimen106
\Fld@menulength=\count110
\Field@Width=\dimen107
\Fld@charsize=\dimen108
Package hyperref Info: Hyper figures OFF on input line 6298.
Package hyperref Info: Link nesting OFF on input line 6303.
Package hyperref Info: Hyper index ON on input line 6306.
Package hyperref Info: backreferencing OFF on input line 6313.
Package hyperref Info: Link coloring OFF on input line 6318.
Package hyperref Info: Link coloring with OCG OFF on input line 6323.
Package hyperref Info: PDF/A mode OFF on input line 6328.
LaTeX Info: Redefining \ref on input line 6368.
LaTeX Info: Redefining \pageref on input line 6372.
\Hy@abspage=\count111
\c@Item=\count112
\c@Hfootnote=\count113
)

Package hyperref Message: Driver (autodetected): hpdftex.

(/usr/local/texlive/2016/texmf-dist/tex/latex/hyperref/hpdftex.def
File: hpdftex.def 2016/05/05 v6.83n Hyperref driver for pdfTeX
\Fld@listcount=\count114
\c@bookmark@seq@number=\count115

(/usr/local/texlive/2016/texmf-dist/tex/latex/oberdiek/rerunfilecheck.sty
Package: rerunfilecheck 2016/05/16 v1.8 Rerun checks for auxiliary files (HO)
Package uniquecounter Info: New unique counter `rerunfilecheck' on input line 2
82.
)
\Hy@SectionHShift=\skip43
)
(./log.aux)
\openout1 = `log.aux'.

LaTeX Font Info:    Checking defaults for OML/cmm/m/it on input line 11.
LaTeX Font Info:    ... okay on input line 11.
LaTeX Font Info:    Checking defaults for T1/cmr/m/n on input line 11.
LaTeX Font Info:    ... okay on input line 11.
LaTeX Font Info:    Checking defaults for OT1/cmr/m/n on input line 11.
LaTeX Font Info:    ... okay on input line 11.
LaTeX Font Info:    Checking defaults for OMS/cmsy/m/n on input line 11.
LaTeX Font Info:    ... okay on input line 11.
LaTeX Font Info:    Checking defaults for OMX/cmex/m/n on input line 11.
LaTeX Font Info:    ... okay on input line 11.
LaTeX Font Info:    Checking defaults for U/cmr/m/n on input line 11.
LaTeX Font Info:    ... okay on input line 11.
LaTeX Font Info:    Checking defaults for PD1/pdf/m/n on input line 11.
LaTeX Font Info:    ... okay on input line 11.

(/usr/local/texlive/2016/texmf-dist/tex/context/base/mkii/supp-pdf.mkii
[Loading MPS to PDF converter (version 2006.09.02).]
\scratchcounter=\count116
\scratchdimen=\dimen109
\scratchbox=\box26
\nofMPsegments=\count117
\nofMParguments=\count118
\everyMPshowfont=\toks17
\MPscratchCnt=\count119
\MPscratchDim=\dimen110
\MPnumerator=\count120
\makeMPintoPDFobject=\count121
\everyMPtoPDFconversion=\toks18
) (/usr/local/texlive/2016/texmf-dist/tex/latex/oberdiek/epstopdf-base.sty
Package: epstopdf-base 2016/05/15 v2.6 Base part for package epstopdf

(/usr/local/texlive/2016/texmf-dist/tex/latex/oberdiek/grfext.sty
Package: grfext 2016/05/16 v1.2 Manage graphics extensions (HO)
)
Package grfext Info: Graphics extension search list:
(grfext)             [.png,.pdf,.jpg,.mps,.jpeg,.jbig2,.jb2,.PNG,.PDF,.JPG,.JPE
G,.JBIG2,.JB2,.eps]
(grfext)             \AppendGraphicsExtensions on input line 456.

(/usr/local/texlive/2016/texmf-dist/tex/latex/latexconfig/epstopdf-sys.cfg
File: epstopdf-sys.cfg 2010/07/13 v1.3 Configuration of (r)epstopdf for TeX Liv
e
))
\AtBeginShipoutBox=\box27
Package hyperref Info: Link coloring OFF on input line 11.

(/usr/local/texlive/2016/texmf-dist/tex/latex/hyperref/nameref.sty
Package: nameref 2012/10/27 v2.43 Cross-referencing by name of section

(/usr/local/texlive/2016/texmf-dist/tex/generic/oberdiek/gettitlestring.sty
Package: gettitlestring 2016/05/16 v1.5 Cleanup title references (HO)
)
\c@section@level=\count122
)
LaTeX Info: Redefining \ref on input line 11.
LaTeX Info: Redefining \pageref on input line 11.
LaTeX Info: Redefining \nameref on input line 11.

(./log.out) (./log.out)
\@outlinefile=\write3
\openout3 = `log.out'.

LaTeX Font Info:    External font `cmex10' loaded for size
(Font)              <12> on input line 13.
LaTeX Font Info:    External font `cmex10' loaded for size
(Font)              <8> on input line 13.
LaTeX Font Info:    External font `cmex10' loaded for size
(Font)              <6> on input line 13.
 (./log.toc
LaTeX Font Info:    External font `cmex10' loaded for size
(Font)              <7> on input line 5.
LaTeX Font Info:    External font `cmex10' loaded for size
(Font)              <5> on input line 5.
)
\tf@toc=\write4
\openout4 = `log.toc'.


<modeling/basset/architecture.png, id=54, 242.9075pt x 480.79625pt>
File: modeling/basset/architecture.png Graphic file (type png)

<use modeling/basset/architecture.png>
Package pdftex.def Info: modeling/basset/architecture.png used on input line 19
.
(pdftex.def)             Requested size: 277.89592pt x 550.0502pt.
 [1

{/usr/local/texlive/2016/texmf-var/fonts/map/pdftex/updmap/pdftex.map}] [2 <./m
odeling/basset/architecture.png>]
Package epstopdf Info: Source file: <../figures/basset/model.eps>
(epstopdf)                    date: 2017-06-03 15:09:45
(epstopdf)                    size: 39798 bytes
(epstopdf)             Output file: <../figures/basset/model-eps-converted-to.p
df>
(epstopdf)                    date: 2017-06-05 01:45:59
(epstopdf)                    size: 12798 bytes
(epstopdf)             Command: <repstopdf --outfile=../figures/basset/model-ep
s-converted-to.pdf ../figures/basset/model.eps>
(epstopdf)             \includegraphics on input line 23.
Package epstopdf Info: Output file is already uptodate.

<../figures/basset/model-eps-converted-to.pdf, id=72, 737.75626pt x 1710.39pt>
File: ../figures/basset/model-eps-converted-to.pdf Graphic file (type pdf)

<use ../figures/basset/model-eps-converted-to.pdf>
Package pdftex.def Info: ../figures/basset/model-eps-converted-to.pdf used on i
nput line 23.
(pdftex.def)             Requested size: 237.23506pt x 549.99803pt.
 [3] [4 <../figures/basset/model-eps-converted-to.pdf>]
Package epstopdf Info: Source file: <../figures/keras1/model.eps>
(epstopdf)                    date: 2017-06-03 13:38:48
(epstopdf)                    size: 21488 bytes
(epstopdf)             Output file: <../figures/keras1/model-eps-converted-to.p
df>
(epstopdf)                    date: 2017-06-05 01:58:20
(epstopdf)                    size: 9628 bytes
(epstopdf)             Command: <repstopdf --outfile=../figures/keras1/model-ep
s-converted-to.pdf ../figures/keras1/model.eps>
(epstopdf)             \includegraphics on input line 31.
Package epstopdf Info: Output file is already uptodate.

<../figures/keras1/model-eps-converted-to.pdf, id=86, 669.50125pt x 753.81625pt
>
File: ../figures/keras1/model-eps-converted-to.pdf Graphic file (type pdf)
 <use ../figures/keras1/model-eps-converted-to.pdf>
Package pdftex.def Info: ../figures/keras1/model-eps-converted-to.pdf used on i
nput line 31.
(pdftex.def)             Requested size: 345.00642pt x 388.4555pt.

Overfull \hbox (15.00642pt too wide) in paragraph at lines 31--32
[][] 
 []

<../figures/keras1/pred_vs_obs.png, id=87, 462.528pt x 346.896pt>
File: ../figures/keras1/pred_vs_obs.png Graphic file (type png)

<use ../figures/keras1/pred_vs_obs.png>
Package pdftex.def Info: ../figures/keras1/pred_vs_obs.png used on input line 3
5.
(pdftex.def)             Requested size: 345.0178pt x 258.76335pt.

Overfull \hbox (15.0178pt too wide) in paragraph at lines 35--36
[][] 
 []

[5 <../figures/keras1/model-eps-converted-to.pdf>]
Package epstopdf Info: Source file: <../figures/small_filter/model.eps>
(epstopdf)                    date: 2017-06-03 16:56:16
(epstopdf)                    size: 27053 bytes
(epstopdf)             Output file: <../figures/small_filter/model-eps-converte
d-to.pdf>
(epstopdf)                    date: 2017-06-05 01:58:21
(epstopdf)                    size: 10778 bytes
(epstopdf)             Command: <repstopdf --outfile=../figures/small_filter/mo
del-eps-converted-to.pdf ../figures/small_filter/model.eps>
(epstopdf)             \includegraphics on input line 44.
Package epstopdf Info: Output file is already uptodate.

<../figures/small_filter/model-eps-converted-to.pdf, id=97, 694.595pt x 1102.11
75pt>
File: ../figures/small_filter/model-eps-converted-to.pdf Graphic file (type pdf
)
 <use ../figures/small_filter/model-eps-converted-to.pdf>
Package pdftex.def Info: ../figures/small_filter/model-eps-converted-to.pdf use
d on input line 44.
(pdftex.def)             Requested size: 345.00734pt x 547.42494pt.

Overfull \hbox (15.00734pt too wide) in paragraph at lines 44--45
[][] 
 []

[6 <../figures/keras1/pred_vs_obs.png>]
<../figures/small_filter/pred_vs_obs.png, id=103, 462.528pt x 346.896pt>
[7 <../figures/small_filter/model-eps-converted-to.pdf>]
File: ../figures/small_filter/pred_vs_obs.png Graphic file (type png)

<use ../figures/small_filter/pred_vs_obs.png>
Package pdftex.def Info: ../figures/small_filter/pred_vs_obs.png used on input 
line 48.
(pdftex.def)             Requested size: 345.0178pt x 258.76335pt.

Overfull \hbox (15.0178pt too wide) in paragraph at lines 48--49
[][] 
 []

Package epstopdf Info: Source file: <../figures/single_layer/model.eps>
(epstopdf)                    date: 2017-06-06 12:35:37
(epstopdf)                    size: 24391 bytes
(epstopdf)             Output file: <../figures/single_layer/model-eps-converte
d-to.pdf>
(epstopdf)                    date: 2017-06-07 18:14:57
(epstopdf)                    size: 10486 bytes
(epstopdf)             Command: <repstopdf --outfile=../figures/single_layer/mo
del-eps-converted-to.pdf ../figures/single_layer/model.eps>
(epstopdf)             \includegraphics on input line 54.
Package epstopdf Info: Output file is already uptodate.

<../figures/single_layer/model-eps-converted-to.pdf, id=114, 660.4675pt x 1102.
1175pt>
File: ../figures/single_layer/model-eps-converted-to.pdf Graphic file (type pdf
)
 <use ../figures/single_layer/model-eps-converted-to.pdf>
Package pdftex.def Info: ../figures/single_layer/model-eps-converted-to.pdf use
d on input line 54.
(pdftex.def)             Requested size: 329.60811pt x 550.01474pt.
 [8 <../figures/small_filter/pred_vs_obs.png>] [9 <../figures/single_layer/mode
l-eps-converted-to.pdf>]
<../figures/single_layer/pred_vs_obs.png, id=130, 462.528pt x 346.896pt>
File: ../figures/single_layer/pred_vs_obs.png Graphic file (type png)

<use ../figures/single_layer/pred_vs_obs.png>
Package pdftex.def Info: ../figures/single_layer/pred_vs_obs.png used on input 
line 59.
(pdftex.def)             Requested size: 345.0178pt x 258.76335pt.

<../figures/single_layer/loss_vs_epoch.png, id=131, 968.61874pt x 930.47626pt>
File: ../figures/single_layer/loss_vs_epoch.png Graphic file (type png)

<use ../figures/single_layer/loss_vs_epoch.png>
Package pdftex.def Info: ../figures/single_layer/loss_vs_epoch.png used on inpu
t line 60.
(pdftex.def)             Requested size: 345.0075pt x 331.42172pt.

Overfull \hbox (15.0178pt too wide) in paragraph at lines 59--61
[][]
 []

[10 <../figures/single_layer/pred_vs_obs.png>]
<../figures/single_layer/20170605_092542_l1_1e-07_l2_1e-07/loss_vs_epoch.png, i
d=137, 721.69624pt x 681.54625pt>
File: ../figures/single_layer/20170605_092542_l1_1e-07_l2_1e-07/loss_vs_epoch.p
ng Graphic file (type png)

<use ../figures/single_layer/20170605_092542_l1_1e-07_l2_1e-07/loss_vs_epoch.pn
g>
Package pdftex.def Info: ../figures/single_layer/20170605_092542_l1_1e-07_l2_1e
-07/loss_vs_epoch.png used on input line 64.
(pdftex.def)             Requested size: 345.0007pt x 325.80734pt.

Overfull \hbox (15.0007pt too wide) in paragraph at lines 64--65
[][] 
 []

[11 <../figures/single_layer/loss_vs_epoch.png>]
<../figures/single_layer/interpret/tomtom/dot6p_2.png, id=143, 625.1355pt x 426
.393pt>
File: ../figures/single_layer/interpret/tomtom/dot6p_2.png Graphic file (type p
ng)
 <use ../figures/single_layer/interpret/tomtom/dot6p_2.png>
Package pdftex.def Info: ../figures/single_layer/interpret/tomtom/dot6p_2.png u
sed on input line 71.
(pdftex.def)             Requested size: 345.0pt x 235.31714pt.

<../figures/single_layer/interpret/tomtom/dot6p_3.png, id=144, 596.9502pt x 426
.393pt>
File: ../figures/single_layer/interpret/tomtom/dot6p_3.png Graphic file (type p
ng)
 <use ../figures/single_layer/interpret/tomtom/dot6p_3.png>
Package pdftex.def Info: ../figures/single_layer/interpret/tomtom/dot6p_3.png u
sed on input line 72.
(pdftex.def)             Requested size: 345.0pt x 246.42976pt.

<../figures/single_layer/interpret/tomtom/dot6p.png, id=145, 596.9502pt x 426.3
93pt>
File: ../figures/single_layer/interpret/tomtom/dot6p.png Graphic file (type png
)
 <use ../figures/single_layer/interpret/tomtom/dot6p.png>
Package pdftex.def Info: ../figures/single_layer/interpret/tomtom/dot6p.png use
d on input line 73.
(pdftex.def)             Requested size: 345.0pt x 246.42976pt.

<../figures/single_layer/interpret/tomtom/nrg1p.png, id=146, 596.9502pt x 426.3
93pt>
File: ../figures/single_layer/interpret/tomtom/nrg1p.png Graphic file (type png
)
 <use ../figures/single_layer/interpret/tomtom/nrg1p.png>
Package pdftex.def Info: ../figures/single_layer/interpret/tomtom/nrg1p.png use
d on input line 74.
(pdftex.def)             Requested size: 345.0pt x 246.42976pt.

<../figures/single_layer/interpret/tomtom/rpn4p.png, id=147, 596.9502pt x 426.3
93pt>
File: ../figures/single_layer/interpret/tomtom/rpn4p.png Graphic file (type png
)
 <use ../figures/single_layer/interpret/tomtom/rpn4p.png>
Package pdftex.def Info: ../figures/single_layer/interpret/tomtom/rpn4p.png use
d on input line 75.
(pdftex.def)             Requested size: 345.0pt x 246.42976pt.

<../figures/single_layer/interpret/tomtom/sfp1p_2.png, id=148, 710.4141pt x 426
.393pt>
File: ../figures/single_layer/interpret/tomtom/sfp1p_2.png Graphic file (type p
ng)
 <use ../figures/single_layer/interpret/tomtom/sfp1p_2.png>
Package pdftex.def Info: ../figures/single_layer/interpret/tomtom/sfp1p_2.png u
sed on input line 76.
(pdftex.def)             Requested size: 345.0pt x 207.06711pt.

<../figures/single_layer/interpret/tomtom/sfp1p.png, id=149, 682.2288pt x 426.3
93pt>
File: ../figures/single_layer/interpret/tomtom/sfp1p.png Graphic file (type png
)
 <use ../figures/single_layer/interpret/tomtom/sfp1p.png>
Package pdftex.def Info: ../figures/single_layer/interpret/tomtom/sfp1p.png use
d on input line 77.
(pdftex.def)             Requested size: 345.0pt x 215.62279pt.

<../figures/single_layer/interpret/tomtom/stb3p.png, id=150, 653.3208pt x 426.3
93pt>
File: ../figures/single_layer/interpret/tomtom/stb3p.png Graphic file (type png
)
 <use ../figures/single_layer/interpret/tomtom/stb3p.png>
Package pdftex.def Info: ../figures/single_layer/interpret/tomtom/stb3p.png use
d on input line 78.
(pdftex.def)             Requested size: 345.0pt x 225.16742pt.

Overfull \hbox (15.0pt too wide) in paragraph at lines 71--79
[][]
 []

[12 <../figures/single_layer/20170605_092542_l1_1e-07_l2_1e-07/loss_vs_epoch.pn
g>] [13 <../figures/single_layer/interpret/tomtom/dot6p_2.png> <../figures/sing
le_layer/interpret/tomtom/dot6p_3.png>] [14 <../figures/single_layer/interpret/
tomtom/dot6p.png> <../figures/single_layer/interpret/tomtom/nrg1p.png>]
[15 <../figures/single_layer/interpret/tomtom/rpn4p.png> <../figures/single_lay
er/interpret/tomtom/sfp1p_2.png>] [16 <../figures/single_layer/interpret/tomtom
/sfp1p.png> <../figures/single_layer/interpret/tomtom/stb3p.png>]
Package epstopdf Info: Source file: <../figures/lstm/model/model.eps>
(epstopdf)                    date: 2017-06-06 20:17:24
(epstopdf)                    size: 21594 bytes
(epstopdf)             Output file: <../figures/lstm/model/model-eps-converted-
to.pdf>
(epstopdf)                    date: 2017-06-07 18:15:00
(epstopdf)                    size: 10819 bytes
(epstopdf)             Command: <repstopdf --outfile=../figures/lstm/model/mode
l-eps-converted-to.pdf ../figures/lstm/model/model.eps>
(epstopdf)             \includegraphics on input line 88.
Package epstopdf Info: Output file is already uptodate.

<../figures/lstm/model/model-eps-converted-to.pdf, id=182, 670.505pt x 928.4687
5pt>
File: ../figures/lstm/model/model-eps-converted-to.pdf Graphic file (type pdf)
 <use ../figures/lstm/model/model-eps-converted-to.pdf>
Package pdftex.def Info: ../figures/lstm/model/model-eps-converted-to.pdf used 
on input line 88.
(pdftex.def)             Requested size: 344.99165pt x 477.72049pt.

Overfull \hbox (14.99165pt too wide) in paragraph at lines 88--89
[][] 
 []

[17 <../figures/lstm/model/model-eps-converted-to.pdf>]
Package epstopdf Info: Source file: <../figures/lstm/concat/model.eps>
(epstopdf)                    date: 2017-06-07 08:40:19
(epstopdf)                    size: 20194 bytes
(epstopdf)             Output file: <../figures/lstm/concat/model-eps-converted
-to.pdf>
(epstopdf)                    date: 2017-06-07 18:15:01
(epstopdf)                    size: 10613 bytes
(epstopdf)             Command: <repstopdf --outfile=../figures/lstm/concat/mod
el-eps-converted-to.pdf ../figures/lstm/concat/model.eps>
(epstopdf)             \includegraphics on input line 92.
Package epstopdf Info: Output file is already uptodate.

<../figures/lstm/concat/model-eps-converted-to.pdf, id=192, 716.6775pt x 841.14
25pt>
File: ../figures/lstm/concat/model-eps-converted-to.pdf Graphic file (type pdf)

 <use ../figures/lstm/concat/model-eps-converted-to.pdf>
Package pdftex.def Info: ../figures/lstm/concat/model-eps-converted-to.pdf used
 on input line 92.
(pdftex.def)             Requested size: 345.00737pt x 404.92462pt.

Overfull \hbox (15.00737pt too wide) in paragraph at lines 92--93
[][] 
 []

[18 <../figures/lstm/concat/model-eps-converted-to.pdf>]
Package epstopdf Info: Source file: <../figures/gru/concat/model.eps>
(epstopdf)                    date: 2017-06-07 17:54:57
(epstopdf)                    size: 20180 bytes
(epstopdf)             Output file: <../figures/gru/concat/model-eps-converted-
to.pdf>
(epstopdf)                    date: 2017-06-07 18:15:02
(epstopdf)                    size: 10614 bytes
(epstopdf)             Command: <repstopdf --outfile=../figures/gru/concat/mode
l-eps-converted-to.pdf ../figures/gru/concat/model.eps>
(epstopdf)             \includegraphics on input line 100.
Package epstopdf Info: Output file is already uptodate.

<../figures/gru/concat/model-eps-converted-to.pdf, id=202, 706.64pt x 841.1425p
t>
File: ../figures/gru/concat/model-eps-converted-to.pdf Graphic file (type pdf)
 <use ../figures/gru/concat/model-eps-converted-to.pdf>
Package pdftex.def Info: ../figures/gru/concat/model-eps-converted-to.pdf used 
on input line 100.
(pdftex.def)             Requested size: 345.00586pt x 410.6746pt.

Overfull \hbox (15.00586pt too wide) in paragraph at lines 100--101
[][] 
 []

Package epstopdf Info: Source file: <../figures/gru/concat.pool.100/model.eps>
(epstopdf)                    date: 2017-06-09 09:16:39
(epstopdf)                    size: 22940 bytes
(epstopdf)             Output file: <../figures/gru/concat.pool.100/model-eps-c
onverted-to.pdf>
(epstopdf)                    date: 2017-06-10 10:10:07
(epstopdf)                    size: 10993 bytes
(epstopdf)             Command: <repstopdf --outfile=../figures/gru/concat.pool
.100/model-eps-converted-to.pdf ../figures/gru/concat.pool.100/model.eps>
(epstopdf)             \includegraphics on input line 103.
Package epstopdf Info: Output file is already uptodate.

<../figures/gru/concat.pool.100/model-eps-converted-to.pdf, id=203, 716.6775pt 
x 1014.79124pt>
File: ../figures/gru/concat.pool.100/model-eps-converted-to.pdf Graphic file (t
ype pdf)

<use ../figures/gru/concat.pool.100/model-eps-converted-to.pdf>
Package pdftex.def Info: ../figures/gru/concat.pool.100/model-eps-converted-to.
pdf used on input line 103.
(pdftex.def)             Requested size: 345.00737pt x 488.51883pt.

Overfull \hbox (15.00737pt too wide) in paragraph at lines 103--104
[][] 
 []

Package epstopdf Info: Source file: <../figures/gru/concat.pool.491/model.eps>
(epstopdf)                    date: 2017-06-07 18:21:08
(epstopdf)                    size: 20180 bytes
(epstopdf)             Output file: <../figures/gru/concat.pool.491/model-eps-c
onverted-to.pdf>
(epstopdf)                    date: 2017-06-10 10:10:08
(epstopdf)                    size: 10614 bytes
(epstopdf)             Command: <repstopdf --outfile=../figures/gru/concat.pool
.491/model-eps-converted-to.pdf ../figures/gru/concat.pool.491/model.eps>
(epstopdf)             \includegraphics on input line 106.
Package epstopdf Info: Output file is already uptodate.

<../figures/gru/concat.pool.491/model-eps-converted-to.pdf, id=204, 706.64pt x 
841.1425pt> [19 <../figures/gru/concat/model-eps-converted-to.pdf>]
File: ../figures/gru/concat.pool.491/model-eps-converted-to.pdf Graphic file (t
ype pdf)

<use ../figures/gru/concat.pool.491/model-eps-converted-to.pdf>
Package pdftex.def Info: ../figures/gru/concat.pool.491/model-eps-converted-to.
pdf used on input line 106.
(pdftex.def)             Requested size: 345.00586pt x 410.6746pt.

Overfull \hbox (15.00586pt too wide) in paragraph at lines 106--107
[][] 
 []

[20 <../figures/gru/concat.pool.100/model-eps-converted-to.pdf>]
Overfull \hbox (16.06091pt too wide) in paragraph at lines 114--115
\OT1/cmr/m/n/10 I re-run the \OT1/cmr/bx/n/10 con-cate-na-tion \OT1/cmr/m/n/10 
net-work with \OT1/cmr/m/it/10 valid \OT1/cmr/m/n/10 padding (see \OT1/cmr/m/it
/10 mod-el-ing/concatnation\OT1/cmr/m/n/10 )
 []

[21 <../figures/gru/concat.pool.491/model-eps-converted-to.pdf>]
<../figures/concatenation/concat.class.deeplift/deeplift_sum_hist.pdf, id=234, 
462.52798pt x 346.89601pt>
File: ../figures/concatenation/concat.class.deeplift/deeplift_sum_hist.pdf Grap
hic file (type pdf)

<use ../figures/concatenation/concat.class.deeplift/deeplift_sum_hist.pdf>
Package pdftex.def Info: ../figures/concatenation/concat.class.deeplift/deeplif
t_sum_hist.pdf used on input line 117.
(pdftex.def)             Requested size: 345.0178pt x 258.76337pt.

Overfull \hbox (15.0178pt too wide) in paragraph at lines 117--118
[][] 
 []


Overfull \hbox (77.75092pt too wide) in paragraph at lines 137--138
\OT1/cmr/m/n/10 down-loaded a to-tal of 381 genes from (http://www.yeastgenome.
org/locus/S000004640/overview).
 []

[22 <../figures/concatenation/concat.class.deeplift/deeplift_sum_hist.pdf>]
Package atveryend Info: Empty hook `BeforeClearDocument' on input line 142.

[23]
Package atveryend Info: Empty hook `AfterLastShipout' on input line 142.
 (./log.aux)
Package atveryend Info: Executing hook `AtVeryEndDocument' on input line 142.
Package atveryend Info: Executing hook `AtEndAfterFileList' on input line 142.
Package rerunfilecheck Info: File `log.out' has not changed.
(rerunfilecheck)             Checksum: 30AF341C3C8EECA4FD631CE91950E4FD;509.
Package atveryend Info: Empty hook `AtVeryVeryEnd' on input line 142.
 ) 
Here is how much of TeX's memory you used:
 5704 strings out of 493014
 87048 string characters out of 6133351
 166524 words of memory out of 5000000
 9134 multiletter control sequences out of 15000+600000
 8241 words of font info for 29 fonts, out of 8000000 for 9000
 1141 hyphenation exceptions out of 8191
 29i,6n,30p,424b,404s stack positions out of 5000i,500n,10000p,200000b,80000s
</usr/local/texlive/2016/texmf-dist/fonts/type1/public/amsfonts/cm/cmbx10.pfb
></usr/local/texlive/2016/texmf-dist/fonts/type1/public/amsfonts/cm/cmbx12.pfb>
</usr/local/texlive/2016/texmf-dist/fonts/type1/public/amsfonts/cm/cmr10.pfb></
usr/local/texlive/2016/texmf-dist/fonts/type1/public/amsfonts/cm/cmr12.pfb></us
r/local/texlive/2016/texmf-dist/fonts/type1/public/amsfonts/cm/cmr17.pfb></usr/
local/texlive/2016/texmf-dist/fonts/type1/public/amsfonts/cm/cmsy10.pfb></usr/l
ocal/texlive/2016/texmf-dist/fonts/type1/public/amsfonts/cm/cmti10.pfb>
Output written on log.pdf (23 pages, 799164 bytes).
PDF statistics:
 312 PDF objects out of 1000 (max. 8388607)
 216 compressed objects within 3 object streams
 45 named destinations out of 1000 (max. 500000)
 201 words of extra memory for PDF output out of 10000 (max. 10000000)

